<?xml version="1.0" encoding="UTF-8"?>
<testng-results ignored="0" total="1" passed="1" failed="0" skipped="0">
  <reporter-output>
  </reporter-output>
  <suite started-at="2024-03-18T20:17:28 IST" name="Default suite" finished-at="2024-03-18T20:17:28 IST" duration-ms="140">
    <groups>
    </groups>
    <test started-at="2024-03-18T20:17:28 IST" name="Default test" finished-at="2024-03-18T20:17:28 IST" duration-ms="140">
      <class name="Maven1.MavenPractice">
        <test-method signature="test()[pri:0, instance:Maven1.MavenPractice@1ed4ae0f]" started-at="2024-03-18T20:17:28 IST" name="test" finished-at="2024-03-18T20:17:28 IST" duration-ms="16" status="PASS">
          <reporter-output>
          </reporter-output>
        </test-method> <!-- test -->
      </class> <!-- Maven1.MavenPractice -->
    </test> <!-- Default test -->
  </suite> <!-- Default suite -->
</testng-results>
